../arch/x86/cpuid/cpuid.cpp:13:23: warning: variable 'cpuid_max' is non-const and globally accessible, consider making it const [cppcoreguidelines-avoid-non-const-global-variables]
../arch/x86/cpuid/cpuid.cpp:14:74: warning: variable 'features' is non-const and globally accessible, consider making it const [cppcoreguidelines-avoid-non-const-global-variables]
../arch/x86/cpuid/cpuid.cpp:15:35: warning: 6 is a magic number; consider replacing it with a named constant [cppcoreguidelines-avoid-magic-numbers,readability-magic-numbers]
../arch/x86/cpuid/cpuid.cpp:15:38: warning: variable 'vendor_buf' is non-const and globally accessible, consider making it const [cppcoreguidelines-avoid-non-const-global-variables]
../arch/x86/cpuid/cpuid.cpp:16:35: warning: 13 is a magic number; consider replacing it with a named constant [cppcoreguidelines-avoid-magic-numbers,readability-magic-numbers]
../arch/x86/cpuid/cpuid.cpp:16:39: warning: variable 'brand_buf' is non-const and globally accessible, consider making it const [cppcoreguidelines-avoid-non-const-global-variables]
../arch/x86/cpuid/cpuid.cpp:36:84: warning: 32 is a magic number; consider replacing it with a named constant [cppcoreguidelines-avoid-magic-numbers,readability-magic-numbers]
../arch/x86/cpuid/cpuid.cpp:36:107: warning: 32 is a magic number; consider replacing it with a named constant [cppcoreguidelines-avoid-magic-numbers,readability-magic-numbers]
../arch/x86/gdt/gdt.cpp:8:26: warning: variable 'gdt' is non-const and globally accessible, consider making it const [cppcoreguidelines-avoid-non-const-global-variables]
../arch/x86/gdt/gdt.cpp:8:26: warning: variable 'gdt' declared 'static', move to anonymous namespace instead [misc-use-anonymous-namespace]
../arch/x86/gdt/gdt.cpp:8:38: warning: 0x00af9b000000ffff is a magic number; consider replacing it with a named constant [cppcoreguidelines-avoid-magic-numbers,readability-magic-numbers]
../arch/x86/gdt/gdt.cpp:8:58: warning: 0x00af93000000ffff is a magic number; consider replacing it with a named constant [cppcoreguidelines-avoid-magic-numbers,readability-magic-numbers]
../arch/x86/gdt/gdt.cpp:8:78: warning: 0x00affb000000ffff is a magic number; consider replacing it with a named constant [cppcoreguidelines-avoid-magic-numbers,readability-magic-numbers]
../arch/x86/gdt/gdt.cpp:8:98: warning: 0x00aff3000000ffff is a magic number; consider replacing it with a named constant [cppcoreguidelines-avoid-magic-numbers,readability-magic-numbers]
../arch/x86/gdt/gdt.cpp:31:9: warning: variable 'desc' of type 'gdt_desc' (aka 'packed_tuple<unsigned short, unsigned long>') can be declared 'const' [misc-const-correctness]
../arch/x86/gdt/gdt.cpp:38:9: warning: variable 'desc' of type 'gdt_desc' (aka 'packed_tuple<unsigned short, unsigned long>') can be declared 'const' [misc-const-correctness]
../arch/x86/gdt/gdt.cpp:41:13: warning: 40 is a magic number; consider replacing it with a named constant [cppcoreguidelines-avoid-magic-numbers,readability-magic-numbers]
../arch/x86/debug/panic.cpp:31:13: warning: variable 'old_bp' of type 'std::size_t' (aka 'unsigned long') can be declared 'const' [misc-const-correctness]
../arch/x86/debug/panic.cpp:32:13: warning: variable 'ret_addr' of type 'std::size_t' (aka 'unsigned long') can be declared 'const' [misc-const-correctness]
../arch/x86/debug/panic.cpp:40:26: warning: 0x1000 is a magic number; consider replacing it with a named constant [cppcoreguidelines-avoid-magic-numbers,readability-magic-numbers]
../arch/x86/debug/panic.cpp:49:87: warning: do not use array subscript when the index is not an integer constant expression [cppcoreguidelines-pro-bounds-constant-array-index]
../arch/x86/debug/panic.cpp:64:37: warning: 5 is a magic number; consider replacing it with a named constant [cppcoreguidelines-avoid-magic-numbers,readability-magic-numbers]
../arch/x86/debug/panic.cpp:66:71: warning: do not use array subscript when the index is not an integer constant expression [cppcoreguidelines-pro-bounds-constant-array-index]
../arch/x86/debug/panic.cpp:66:109: warning: do not use array subscript when the index is not an integer constant expression [cppcoreguidelines-pro-bounds-constant-array-index]
../arch/x86/debug/panic.cpp:67:23: warning: do not use array subscript when the index is not an integer constant expression [cppcoreguidelines-pro-bounds-constant-array-index]
../arch/x86/debug/panic.cpp:67:65: warning: do not use array subscript when the index is not an integer constant expression [cppcoreguidelines-pro-bounds-constant-array-index]
../arch/x86/debug/panic.cpp:67:86: warning: do not use array subscript when the index is not an integer constant expression [cppcoreguidelines-pro-bounds-constant-array-index]
../arch/x86/debug/panic.cpp:67:128: warning: do not use array subscript when the index is not an integer constant expression [cppcoreguidelines-pro-bounds-constant-array-index]
../arch/x86/apic/apic.cpp:22:104: warning: 32 is a magic number; consider replacing it with a named constant [cppcoreguidelines-avoid-magic-numbers,readability-magic-numbers]
../arch/x86/apic/apic.cpp:27:39: warning: 0xff is a magic number; consider replacing it with a named constant [cppcoreguidelines-avoid-magic-numbers,readability-magic-numbers]
../arch/x86/apic/apic.cpp:28:40: warning: 0xff is a magic number; consider replacing it with a named constant [cppcoreguidelines-avoid-magic-numbers,readability-magic-numbers]
../arch/x86/apic/apic.cpp:41:45: warning: 0b00110000 is a magic number; consider replacing it with a named constant [cppcoreguidelines-avoid-magic-numbers,readability-magic-numbers]
../arch/x86/apic/apic.cpp:43:53: warning: 8 is a magic number; consider replacing it with a named constant [cppcoreguidelines-avoid-magic-numbers,readability-magic-numbers]
../arch/x86/apic/apic.cpp:50:55: warning: 8 is a magic number; consider replacing it with a named constant [cppcoreguidelines-avoid-magic-numbers,readability-magic-numbers]
../arch/x86/apic/apic.cpp:85:9: warning: variable 'ticks' of type 'std::uint64_t' (aka 'unsigned long') can be declared 'const' [misc-const-correctness]
../arch/x86/debug/kinit_dump.cpp:70:81: warning: 32 is a magic number; consider replacing it with a named constant [cppcoreguidelines-avoid-magic-numbers,readability-magic-numbers]
../arch/x86/debug/kinit_dump.cpp:94:17: warning: variable 'signature_ptr' of type 'std::span<const char>' can be declared 'const' [misc-const-correctness]
../arch/x86/mm/mm.cpp:18:9: warning: variable 'index' of type 'std::size_t' (aka 'unsigned long') can be declared 'const' [misc-const-correctness]
../arch/x86/mm/malloc.cpp:22:23: warning: variable 'root' is non-const and globally accessible, consider making it const [cppcoreguidelines-avoid-non-const-global-variables]
../arch/x86/mm/malloc.cpp:22:23: warning: variable 'root' provides global access to a non-const object; consider making the pointed-to data 'const' [cppcoreguidelines-avoid-non-const-global-variables]
../arch/x86/mm/malloc.cpp:23:23: warning: variable 'last' is non-const and globally accessible, consider making it const [cppcoreguidelines-avoid-non-const-global-variables]
../arch/x86/mm/malloc.cpp:23:23: warning: variable 'last' provides global access to a non-const object; consider making the pointed-to data 'const' [cppcoreguidelines-avoid-non-const-global-variables]
../arch/x86/mm/malloc.cpp:24:21: warning: variable 'malloced_bytes' is non-const and globally accessible, consider making it const [cppcoreguidelines-avoid-non-const-global-variables]
../arch/x86/mm/malloc.cpp:28:33: warning: function 'next_of' declared 'static', move to anonymous namespace instead [misc-use-anonymous-namespace]
../arch/x86/mm/malloc.cpp:28:33: warning: use a trailing return type for this function [modernize-use-trailing-return-type]
../arch/x86/mm/malloc.cpp:30:24: warning: function 'extend' declared 'static', move to anonymous namespace instead [misc-use-anonymous-namespace]
../arch/x86/mm/malloc.cpp:30:37: warning: parameter 'buf' is unused [misc-unused-parameters]
../arch/x86/mm/malloc.cpp:32:9: warning: variable 'pages' of type 'std::size_t' (aka 'unsigned long') can be declared 'const' [misc-const-correctness]
../arch/x86/mm/malloc.cpp:48:53: warning: assigning newly created 'gsl::owner<>' to non-owner 'block_header *' [cppcoreguidelines-owning-memory]
../arch/x86/mm/malloc.cpp:69:17: warning: variable 'bsize' of type 'std::size_t' (aka 'unsigned long') can be declared 'const' [misc-const-correctness]
../arch/x86/mm/malloc.cpp:73:21: warning: use auto when initializing with new to avoid duplicating the type name [modernize-use-auto]
../arch/x86/mm/malloc.cpp:92:9: warning: variable 'new_size' of type 'std::size_t' (aka 'unsigned long') can be declared 'const' [misc-const-correctness]
../arch/x86/mm/malloc.cpp:92:68: warning: 0x100 is a magic number; consider replacing it with a named constant [cppcoreguidelines-avoid-magic-numbers,readability-magic-numbers]
../arch/x86/mm/malloc.cpp:92:78: warning: 7 is a magic number; consider replacing it with a named constant [cppcoreguidelines-avoid-magic-numbers,readability-magic-numbers]
../arch/x86/mm/malloc.cpp:95:13: warning: initializing non-owner 'block_header *' with a newly created 'gsl::owner<>' [cppcoreguidelines-owning-memory]
../arch/x86/mm/malloc.cpp:95:19: warning: variable name 'u' is too short, expected at least 3 characters [readability-identifier-length]
../arch/x86/mm/malloc.cpp:96:13: warning: initializing non-owner 'block_header *' with a newly created 'gsl::owner<>' [cppcoreguidelines-owning-memory]
../arch/x86/mm/malloc.cpp:96:19: warning: variable name 'l' is too short, expected at least 3 characters [readability-identifier-length]
../arch/x86/mm/malloc.cpp:100:9: warning: do not use 'else' after 'return' [readability-else-after-return]
../arch/x86/mm/malloc.cpp:102:13: warning: variable 'bsize' of type 'std::size_t' (aka 'unsigned long') can be declared 'const' [misc-const-correctness]
../arch/x86/mm/malloc.cpp:104:13: warning: initializing non-owner 'block_header *' with a newly created 'gsl::owner<>' [cppcoreguidelines-owning-memory]
../arch/x86/mm/malloc.cpp:104:19: warning: variable name 'l' is too short, expected at least 3 characters [readability-identifier-length]
../arch/x86/mm/malloc.cpp:106:19: warning: variable name 'u' is too short, expected at least 3 characters [readability-identifier-length]
../arch/x86/mm/malloc.cpp:120:9: warning: variable 'aligned_ptr' of type 'std::uintptr_t' (aka 'unsigned long') can be declared 'const' [misc-const-correctness]
../arch/x86/mm/malloc.cpp:133:29: warning: do not use C-style cast to convert between unrelated types [cppcoreguidelines-pro-type-cstyle-cast]
../arch/x86/mm/malloc.cpp:140:24: warning: Potential memory leak [clang-analyzer-unix.Malloc]
../arch/x86/mm/malloc.cpp:140:45: warning: 16 is a magic number; consider replacing it with a named constant [cppcoreguidelines-avoid-magic-numbers,readability-magic-numbers]
../arch/x86/mm/malloc.cpp:167:19: warning: do not use C-style cast to convert between unrelated types [cppcoreguidelines-pro-type-cstyle-cast]
../arch/x86/mm/malloc.cpp:167:19: warning: integer to pointer cast pessimizes optimization opportunities [performance-no-int-to-ptr]
../arch/x86/mm/malloc.cpp:170:9: warning: variable 'is_prev' of type 'bool' can be declared 'const' [misc-const-correctness]
../arch/x86/mm/malloc.cpp:170:24: warning: implicit conversion 'block_header *' -> bool [readability-implicit-bool-conversion]
../arch/x86/mm/malloc.cpp:170:24: warning: implicit conversion 'std::size_t' (aka 'unsigned long') -> bool [readability-implicit-bool-conversion]
../arch/x86/mm/malloc.cpp:170:58: warning: implicit conversion bool -> 'std::size_t' (aka 'unsigned long') [readability-implicit-bool-conversion]
../arch/x86/mm/malloc.cpp:171:9: warning: variable 'is_next' of type 'bool' can be declared 'const' [misc-const-correctness]
../arch/x86/mm/malloc.cpp:171:24: warning: implicit conversion 'std::size_t' (aka 'unsigned long') -> bool [readability-implicit-bool-conversion]
../arch/x86/mm/malloc.cpp:171:63: warning: implicit conversion bool -> 'std::size_t' (aka 'unsigned long') [readability-implicit-bool-conversion]
/home/flowey/dev/kernel-dev/kernel/arch/x86/mm/slab.cpp:17:11: warning: class 'slab' defines a copy constructor but does not define a destructor, a copy assignment operator, a move constructor or a move assignment operator [cppcoreguidelines-special-member-functions]
/home/flowey/dev/kernel-dev/kernel/arch/x86/mm/slab.cpp:24:35: warning: 2 adjacent parameters of 'slab' of similar type ('std::size_t') are easily swapped by mistake [bugprone-easily-swappable-parameters]
/home/flowey/dev/kernel-dev/kernel/arch/x86/mm/slab.cpp:29:19: warning: definition of implicit copy assignment operator for 'slab' is deprecated because it has a user-declared copy constructor [clang-diagnostic-deprecated-copy]
/home/flowey/dev/kernel-dev/kernel/arch/x86/mm/slab.cpp:31:9: warning: constructor does not initialize these fields: size, obj_size [cppcoreguidelines-pro-type-member-init]
/home/flowey/dev/kernel-dev/kernel/arch/x86/mm/slab.cpp:33:15: warning: use a trailing return type for this function [modernize-use-trailing-return-type]
/home/flowey/dev/kernel-dev/kernel/arch/x86/mm/slab.cpp:35:20: warning: do not use C-style cast to convert between unrelated types [cppcoreguidelines-pro-type-cstyle-cast]
/home/flowey/dev/kernel-dev/kernel/arch/x86/mm/slab.cpp:35:20: warning: integer to pointer cast pessimizes optimization opportunities [performance-no-int-to-ptr]
/home/flowey/dev/kernel-dev/kernel/arch/x86/mm/slab.cpp:35:28: warning: do not use C-style cast to convert between unrelated types [cppcoreguidelines-pro-type-cstyle-cast]
/home/flowey/dev/kernel-dev/kernel/arch/x86/mm/slab.cpp:40:25: warning: do not use C-style cast to convert between unrelated types [cppcoreguidelines-pro-type-cstyle-cast]
/home/flowey/dev/kernel-dev/kernel/arch/x86/mm/slab.cpp:40:52: warning: do not use C-style cast to convert between unrelated types [cppcoreguidelines-pro-type-cstyle-cast]
/home/flowey/dev/kernel-dev/kernel/arch/x86/mm/slab.cpp:43:14: warning: use a trailing return type for this function [modernize-use-trailing-return-type]
/home/flowey/dev/kernel-dev/kernel/arch/x86/mm/slab.cpp:45:18: warning: variable name 'p' is too short, expected at least 3 characters [readability-identifier-length]
/home/flowey/dev/kernel-dev/kernel/arch/x86/mm/slab.cpp:45:22: warning: do not use C-style cast to convert between unrelated types [cppcoreguidelines-pro-type-cstyle-cast]
/home/flowey/dev/kernel-dev/kernel/arch/x86/mm/slab.cpp:46:18: warning: variable name 'b' is too short, expected at least 3 characters [readability-identifier-length]
/home/flowey/dev/kernel-dev/kernel/arch/x86/mm/slab.cpp:46:22: warning: do not use C-style cast to convert between unrelated types [cppcoreguidelines-pro-type-cstyle-cast]
/home/flowey/dev/kernel-dev/kernel/arch/x86/mm/slab.cpp:56:17: warning: variable 'BUILTIN_SLABS' is non-const and globally accessible, consider making it const [cppcoreguidelines-avoid-non-const-global-variables]
/home/flowey/dev/kernel-dev/kernel/arch/x86/mm/slab.cpp:56:17: warning: variable 'BUILTIN_SLABS' declared 'static', move to anonymous namespace instead [misc-use-anonymous-namespace]
/home/flowey/dev/kernel-dev/kernel/arch/x86/mm/slab.cpp:62:9: warning: variable 'idx' of type 'std::size_t' (aka 'unsigned long') can be declared 'const' [misc-const-correctness]
/home/flowey/dev/kernel-dev/kernel/arch/x86/mm/slab.cpp:65:13: warning: do not use array subscript when the index is not an integer constant expression [cppcoreguidelines-pro-bounds-constant-array-index]
/home/flowey/dev/kernel-dev/kernel/arch/x86/mm/slab.cpp:65:39: warning: do not use C-style cast to convert between unrelated types [cppcoreguidelines-pro-type-cstyle-cast]
/home/flowey/dev/kernel-dev/kernel/arch/x86/mm/slab.cpp:65:39: warning: integer to pointer cast pessimizes optimization opportunities [performance-no-int-to-ptr]
/home/flowey/dev/kernel-dev/kernel/arch/x86/mm/slab.cpp:70:11: warning: use a trailing return type for this function [modernize-use-trailing-return-type]
/home/flowey/dev/kernel-dev/kernel/arch/x86/mm/slab.cpp:70:37: warning: parameter name 'n' is too short, expected at least 3 characters [readability-identifier-length]
/home/flowey/dev/kernel-dev/kernel/arch/x86/mm/slab.cpp:72:48: warning: narrowing conversion from 'std::size_t' (aka 'unsigned long') to signed type 'long long' is implementation-defined [bugprone-narrowing-conversions,cppcoreguidelines-narrowing-conversions]
/home/flowey/dev/kernel-dev/kernel/arch/x86/mm/slab.cpp:81:16: warning: do not use array subscript when the index is not an integer constant expression [cppcoreguidelines-pro-bounds-constant-array-index]
/home/flowey/dev/kernel-dev/kernel/arch/x86/mm/slab.cpp:86:14: warning: variable 'p' of type 'std::uintptr_t' (aka 'unsigned long') can be declared 'const' [misc-const-correctness]
/home/flowey/dev/kernel-dev/kernel/arch/x86/mm/slab.cpp:86:14: warning: use auto when initializing with a cast to avoid duplicating the type name [modernize-use-auto]
/home/flowey/dev/kernel-dev/kernel/arch/x86/mm/slab.cpp:86:29: warning: variable name 'p' is too short, expected at least 3 characters [readability-identifier-length]
/home/flowey/dev/kernel-dev/kernel/arch/x86/mm/slab.cpp:86:33: warning: do not use C-style cast to convert between unrelated types [cppcoreguidelines-pro-type-cstyle-cast]
/home/flowey/dev/kernel-dev/kernel/arch/x86/mm/slab.cpp:88:9: warning: do not use array subscript when the index is not an integer constant expression [cppcoreguidelines-pro-bounds-constant-array-index]
../arch/x86/idt/idt.cpp:9:13: warning: variable 'idt_entry_start' is non-const and globally accessible, consider making it const [cppcoreguidelines-avoid-non-const-global-variables]
../arch/x86/idt/idt.cpp:14:6: warning: do not use C-style cast to convert between unrelated types [cppcoreguidelines-pro-type-cstyle-cast]
../arch/x86/idt/idt.cpp:14:6: warning: integer to pointer cast pessimizes optimization opportunities [performance-no-int-to-ptr]
../arch/x86/idt/idt.cpp:23:9: warning: variable 'local' of type 'smp::core_local &' can be declared 'const' [misc-const-correctness]
../arch/x86/idt/idt.cpp:26:13: warning: variable 'handler' of type 'std::uint64_t' (aka 'unsigned long') can be declared 'const' [misc-const-correctness]
../arch/x86/idt/idt.cpp:26:45: warning: do not implicitly decay an array into a pointer; consider using gsl::array_view or an explicit cast instead [cppcoreguidelines-pro-bounds-array-to-pointer-decay]
../arch/x86/idt/idt.cpp:26:64: warning: performing an implicit widening conversion to type 'std::uintptr_t' (aka 'unsigned long') of a multiplication performed in type 'int' [bugprone-implicit-widening-of-multiplication-result]
../arch/x86/idt/idt.cpp:26:64: note: make conversion explicit to silence this warning
../arch/x86/idt/idt.cpp:26:68: warning: 0x10 is a magic number; consider replacing it with a named constant [cppcoreguidelines-avoid-magic-numbers,readability-magic-numbers]
../arch/x86/idt/idt.cpp:28:73: warning: 16 is a magic number; consider replacing it with a named constant [cppcoreguidelines-avoid-magic-numbers,readability-magic-numbers]
../arch/x86/idt/idt.cpp:29:76: warning: 32 is a magic number; consider replacing it with a named constant [cppcoreguidelines-avoid-magic-numbers,readability-magic-numbers]
../arch/x86/idt/idt.cpp:35:9: warning: variable 'desc' of type 'utils::packed_tuple<std::uint16_t, std::uintptr_t>' (aka 'packed_tuple<unsigned short, unsigned long>') can be declared 'const' [misc-const-correctness]
../arch/x86/idt/idt.cpp:54:9: warning: variable 'num' of type 'std::size_t' (aka 'unsigned long') can be declared 'const' [misc-const-correctness]
../arch/x86/kinit/kinit.cpp:51:36: warning: variable 'buf' is non-const and globally accessible, consider making it const [cppcoreguidelines-avoid-non-const-global-variables]
../arch/x86/kinit/kinit.cpp:51:36: warning: variable 'buf' declared 'static', move to anonymous namespace instead [misc-use-anonymous-namespace]
../arch/x86/kinit/kinit.cpp:53:82: warning: do not implicitly decay an array into a pointer; consider using gsl::array_view or an explicit cast instead [cppcoreguidelines-pro-bounds-array-to-pointer-decay]
../arch/x86/kinit/kinit.cpp:57:33: warning: Access to field 'module_count' results in a dereference of a null pointer (loaded from field 'response') [clang-analyzer-core.NullDereference]
../arch/x86/kinit/kinit.cpp:79:9: warning: do not use array subscript when the index is not an integer constant expression [cppcoreguidelines-pro-bounds-constant-array-index]
../arch/x86/kinit/kinit.cpp:93:21: warning: variable 'cpu0' is non-const and globally accessible, consider making it const [cppcoreguidelines-avoid-non-const-global-variables]
../arch/x86/kinit/kinit.cpp:94:22: warning: variable 'cpu0_ptr' is non-const and globally accessible, consider making it const [cppcoreguidelines-avoid-non-const-global-variables]
../arch/x86/kinit/kinit.cpp:94:22: warning: variable 'cpu0_ptr' provides global access to a non-const object; consider making the pointed-to data 'const' [cppcoreguidelines-avoid-non-const-global-variables]
../arch/x86/kinit/kinit.cpp:99:9: warning: variable 'instance' of type 'boot_resource &' can be declared 'const' [misc-const-correctness]
../arch/x86/kinit/kinit.cpp:118:26: warning: declaration uses identifier '__start_init_array', which is a reserved identifier [bugprone-reserved-identifier,cert-dcl37-c,cert-dcl51-cpp]
../arch/x86/kinit/kinit.cpp:118:26: warning: variable '__start_init_array' is non-const and globally accessible, consider making it const [cppcoreguidelines-avoid-non-const-global-variables]
../arch/x86/kinit/kinit.cpp:119:26: warning: declaration uses identifier '__end_init_array', which is a reserved identifier [bugprone-reserved-identifier,cert-dcl37-c,cert-dcl51-cpp]
../arch/x86/kinit/kinit.cpp:119:26: warning: variable '__end_init_array' is non-const and globally accessible, consider making it const [cppcoreguidelines-avoid-non-const-global-variables]
../arch/x86/kinit/kinit.cpp:132:22: warning: do not use C-style cast to convert between unrelated types [cppcoreguidelines-pro-type-cstyle-cast]
../arch/x86/kinit/kinit.cpp:132:22: warning: integer to pointer cast pessimizes optimization opportunities [performance-no-int-to-ptr]
../arch/x86/kinit/kinit.cpp:141:14: warning: do not implicitly decay an array into a pointer; consider using gsl::array_view or an explicit cast instead [cppcoreguidelines-pro-bounds-array-to-pointer-decay]
../arch/x86/sync/spinlock.cpp:14:33: warning: narrowing conversion from 'std::size_t' (aka 'unsigned long') to signed type 'int' is implementation-defined [bugprone-narrowing-conversions,cppcoreguidelines-narrowing-conversions]
../arch/x86/mm/mm.h:23:19: warning: definition of implicit copy assignment operator for 'bitmask_allocator' is deprecated because it has a user-declared copy constructor [clang-diagnostic-deprecated-copy]
../arch/x86/mm/pmm.cpp:15:43: warning: variable 'region' is non-const and globally accessible, consider making it const [cppcoreguidelines-avoid-non-const-global-variables]
../arch/x86/mm/pmm.cpp:16:33: warning: variable 'meta_allocator' is non-const and globally accessible, consider making it const [cppcoreguidelines-avoid-non-const-global-variables]
../arch/x86/mm/pmm.cpp:17:24: warning: variable 'pmm_alloc_lock' is non-const and globally accessible, consider making it const [cppcoreguidelines-avoid-non-const-global-variables]
../arch/x86/mm/pmm.cpp:39:9: warning: variable 'g' of type 'lock::spinlock_guard' (aka 'lock_guard<spinlock>') can be declared 'const' [misc-const-correctness]
../arch/x86/mm/pmm.cpp:39:30: warning: variable name 'g' is too short, expected at least 3 characters [readability-identifier-length]
../arch/x86/mm/pmm.cpp:47:9: warning: do not use array subscript when the index is not an integer constant expression [cppcoreguidelines-pro-bounds-constant-array-index]
../arch/x86/mm/pmm.cpp:54:13: warning: variable 'guard' of type 'lock::spinlock_guard' (aka 'lock_guard<spinlock>') can be declared 'const' [misc-const-correctness]
../arch/x86/mm/pmm.cpp:55:17: warning: do not use array subscript when the index is not an integer constant expression [cppcoreguidelines-pro-bounds-constant-array-index]
../arch/x86/mm/pmm.cpp:57:28: warning: do not use array subscript when the index is not an integer constant expression [cppcoreguidelines-pro-bounds-constant-array-index]
../arch/x86/mm/pmm.cpp:60:40: warning: do not use C-style cast to convert between unrelated types [cppcoreguidelines-pro-type-cstyle-cast]
../arch/x86/mm/pmm.cpp:60:40: warning: integer to pointer cast pessimizes optimization opportunities [performance-no-int-to-ptr]
/home/flowey/dev/kernel-dev/kernel/arch/x86/mm/vmm.cpp:25:27: warning: variable 'root' is non-const and globally accessible, consider making it const [cppcoreguidelines-avoid-non-const-global-variables]
/home/flowey/dev/kernel-dev/kernel/arch/x86/mm/vmm.cpp:25:27: warning: variable 'root' provides global access to a non-const object; consider making the pointed-to data 'const' [cppcoreguidelines-avoid-non-const-global-variables]
/home/flowey/dev/kernel-dev/kernel/arch/x86/mm/vmm.cpp:26:27: warning: variable 'last' is non-const and globally accessible, consider making it const [cppcoreguidelines-avoid-non-const-global-variables]
/home/flowey/dev/kernel-dev/kernel/arch/x86/mm/vmm.cpp:26:27: warning: variable 'last' provides global access to a non-const object; consider making the pointed-to data 'const' [cppcoreguidelines-avoid-non-const-global-variables]
/home/flowey/dev/kernel-dev/kernel/arch/x86/mm/vmm.cpp:27:21: warning: variable 'malloced_bytes' is non-const and globally accessible, consider making it const [cppcoreguidelines-avoid-non-const-global-variables]
/home/flowey/dev/kernel-dev/kernel/arch/x86/mm/vmm.cpp:38:9: warning: 1st argument 'val' (passed to 'flag') looks like it might be swapped with the 2nd, 'is_free' (passed to 'val') [readability-suspicious-call-argument]
/home/flowey/dev/kernel-dev/kernel/arch/x86/mm/vmm.cpp:67:21: warning: initializing non-owner 'vmm_block_header *' with a newly created 'gsl::owner<>' [cppcoreguidelines-owning-memory]
/home/flowey/dev/kernel-dev/kernel/arch/x86/mm/vmm.cpp:83:24: warning: do not use C-style cast to convert between unrelated types [cppcoreguidelines-pro-type-cstyle-cast]
/home/flowey/dev/kernel-dev/kernel/arch/x86/mm/vmm.cpp:83:24: warning: integer to pointer cast pessimizes optimization opportunities [performance-no-int-to-ptr]
../arch/x86/paging/paging.cpp:9:9: warning: function-like macro 'GET_VIRTUAL_POS' used; consider a 'constexpr' template function [cppcoreguidelines-macro-usage]
../arch/x86/paging/paging.cpp:9:42: warning: macro argument should be enclosed in parentheses [bugprone-macro-parentheses]
../arch/x86/paging/paging.cpp:9:60: warning: macro argument should be enclosed in parentheses [bugprone-macro-parentheses]
../arch/x86/paging/paging.cpp:21:27: warning: variable 'paging_global_lock' is non-const and globally accessible, consider making it const [cppcoreguidelines-avoid-non-const-global-variables]
../arch/x86/paging/paging.cpp:21:27: warning: variable 'paging_global_lock' declared 'static', move to anonymous namespace instead [misc-use-anonymous-namespace]
../arch/x86/paging/paging.cpp:23:58: warning: parameter name 'pt' is too short, expected at least 3 characters [readability-identifier-length]
../arch/x86/paging/paging.cpp:23:62: warning: 2 adjacent parameters of 'map_page_for' of similar type ('std::uintptr_t') are easily swapped by mistake [bugprone-easily-swappable-parameters]
../arch/x86/paging/paging.cpp:26:26: warning: do not use array subscript when the index is not an integer constant expression [cppcoreguidelines-pro-bounds-constant-array-index]
../arch/x86/paging/paging.cpp:27:27: warning: do not use array subscript when the index is not an integer constant expression [cppcoreguidelines-pro-bounds-constant-array-index]
../arch/x86/paging/paging.cpp:67:33: warning: parameter name 'pt' is too short, expected at least 3 characters [readability-identifier-length]
../arch/x86/paging/paging.cpp:69:26: warning: do not use array subscript when the index is not an integer constant expression [cppcoreguidelines-pro-bounds-constant-array-index]
../arch/x86/paging/paging.cpp:70:27: warning: do not use array subscript when the index is not an integer constant expression [cppcoreguidelines-pro-bounds-constant-array-index]
../arch/x86/paging/paging.cpp:72:9: warning: variable 'guard' of type 'lock::spinlock_guard' (aka 'lock_guard<spinlock>') can be declared 'const' [misc-const-correctness]
../arch/x86/paging/paging.cpp:85:9: warning: variable 'guard' of type 'lock::spinlock_guard' (aka 'lock_guard<spinlock>') can be declared 'const' [misc-const-correctness]
../arch/x86/paging/paging.cpp:86:9: warning: variable 'index' of type 'std::uint16_t' (aka 'unsigned short') can be declared 'const' [misc-const-correctness]
../arch/x86/paging/paging.cpp:87:9: warning: variable 'value' of type 'std::uint64_t' (aka 'unsigned long') can be declared 'const' [misc-const-correctness]
../arch/x86/paging/paging.cpp:95:22: warning: 2 adjacent parameters of 'map_section' of similar type are easily swapped by mistake [bugprone-easily-swappable-parameters]
../arch/x86/paging/paging.cpp:97:30: warning: narrowing conversion from 'std::size_t' (aka 'unsigned long') to signed type 'std::int64_t' (aka 'long') is implementation-defined [bugprone-narrowing-conversions,cppcoreguidelines-narrowing-conversions]
../arch/x86/paging/paging.cpp:109:26: warning: 0x200 is a magic number; consider replacing it with a named constant [cppcoreguidelines-avoid-magic-numbers,readability-magic-numbers]
../arch/x86/paging/paging.cpp:113:22: warning: 0x200 is a magic number; consider replacing it with a named constant [cppcoreguidelines-avoid-magic-numbers,readability-magic-numbers]
../arch/x86/paging/paging.cpp:117:25: warning: 0x40000 is a magic number; consider replacing it with a named constant [cppcoreguidelines-avoid-magic-numbers,readability-magic-numbers]
../arch/x86/paging/paging.cpp:121:22: warning: 0x40000 is a magic number; consider replacing it with a named constant [cppcoreguidelines-avoid-magic-numbers,readability-magic-numbers]
../arch/x86/paging/paging.cpp:124:25: warning: 0x200 is a magic number; consider replacing it with a named constant [cppcoreguidelines-avoid-magic-numbers,readability-magic-numbers]
../arch/x86/paging/paging.cpp:128:22: warning: 0x200 is a magic number; consider replacing it with a named constant [cppcoreguidelines-avoid-magic-numbers,readability-magic-numbers]
../arch/x86/paging/paging.cpp:140:61: warning: 11 is a magic number; consider replacing it with a named constant [cppcoreguidelines-avoid-magic-numbers,readability-magic-numbers]
../arch/x86/paging/paging.cpp:143:9: warning: variable 'kernel_pages' of type 'std::size_t' (aka 'unsigned long') can be declared 'const' [misc-const-correctness]
../arch/x86/paging/paging.cpp:145:52: warning: 10 is a magic number; consider replacing it with a named constant [cppcoreguidelines-avoid-magic-numbers,readability-magic-numbers]
../arch/x86/paging/paging.cpp:147:13: warning: variable 'vaddr' of type 'std::uint64_t' (aka 'unsigned long') can be declared 'const' [misc-const-correctness]
../arch/x86/paging/paging.cpp:147:35: warning: 0xffffffff80000000 is a magic number; consider replacing it with a named constant [cppcoreguidelines-avoid-magic-numbers,readability-magic-numbers]
../arch/x86/paging/paging.cpp:151:37: warning: 10 is a magic number; consider replacing it with a named constant [cppcoreguidelines-avoid-magic-numbers,readability-magic-numbers]
../arch/x86/paging/paging.cpp:153:13: warning: variable 'vaddr' of type 'std::uint64_t' (aka 'unsigned long') can be declared 'const' [misc-const-correctness]
../arch/x86/paging/paging.cpp:153:35: warning: 0xffffffff90000000 is a magic number; consider replacing it with a named constant [cppcoreguidelines-avoid-magic-numbers,readability-magic-numbers]
../arch/x86/paging/paging.cpp:157:78: warning: parameter name 'e' is too short, expected at least 3 characters [readability-identifier-length]
../arch/x86/paging/paging.cpp:183:22: warning: an assignment within an 'if' condition is bug-prone [bugprone-assignment-in-if-condition]
../arch/x86/paging/paging.cpp:200:28: warning: 256 is a magic number; consider replacing it with a named constant [cppcoreguidelines-avoid-magic-numbers,readability-magic-numbers]
../arch/x86/paging/paging.cpp:200:39: warning: 256 is a magic number; consider replacing it with a named constant [cppcoreguidelines-avoid-magic-numbers,readability-magic-numbers]
../arch/x86/paging/paging.cpp:200:44: warning: 256 is a magic number; consider replacing it with a named constant [cppcoreguidelines-avoid-magic-numbers,readability-magic-numbers]
../arch/x86/paging/paging.h:24:10: warning: function 'paging::request_page' has a definition with different parameter names [readability-inconsistent-declaration-parameter-name]
../arch/x86/process/process.cpp:12:17: warning: declaration uses identifier '__save_ctx_for_reschedule', which is a reserved identifier [bugprone-reserved-identifier,cert-dcl37-c,cert-dcl51-cpp]
../arch/x86/process/process.cpp:16:20: warning: variable 'processes' is non-const and globally accessible, consider making it const [cppcoreguidelines-avoid-non-const-global-variables]
../arch/x86/process/process.cpp:16:20: warning: variable 'processes' declared 'static', move to anonymous namespace instead [misc-use-anonymous-namespace]
../arch/x86/process/process.cpp:22:9: warning: variable 'tid' of type 'std::size_t' (aka 'unsigned long') can be declared 'const' [misc-const-correctness]
../arch/x86/process/process.cpp:28:9: warning: variable 'id32' of type 'std::uint32_t' (aka 'unsigned int') can be declared 'const' [misc-const-correctness]
../arch/x86/process/process.cpp:30:9: warning: use auto when initializing with new to avoid duplicating the type name [modernize-use-auto]
../arch/x86/process/process.cpp:30:29: warning: variable name 'th' is too short, expected at least 3 characters [readability-identifier-length]
../arch/x86/process/process.cpp:31:9: warning: do not use array subscript when the index is not an integer constant expression [cppcoreguidelines-pro-bounds-constant-array-index]
../arch/x86/process/process.cpp:41:9: warning: do not use array subscript when the index is not an integer constant expression [cppcoreguidelines-pro-bounds-constant-array-index]
../arch/x86/process/process.cpp:42:16: warning: do not use array subscript when the index is not an integer constant expression [cppcoreguidelines-pro-bounds-constant-array-index]
../arch/x86/smp/smp.cpp:25:9: warning: assigning newly created 'gsl::owner<>' to non-owner 'core_local **' [cppcoreguidelines-owning-memory]
../arch/x86/smp/smp.cpp:29:13: warning: assigning newly created 'gsl::owner<>' to non-owner 'core_local *' [cppcoreguidelines-owning-memory]
../arch/x86/smp/smp.cpp:38:13: warning: variable 'base' of type 'std::uint64_t' (aka 'unsigned long') can be declared 'const' [misc-const-correctness]
../arch/x86/smp/smp.cpp:42:101: warning: 20 is a magic number; consider replacing it with a named constant [cppcoreguidelines-avoid-magic-numbers,readability-magic-numbers]
../arch/x86/smp/smp.cpp:83:120: warning: 0x2000000 is a magic number; consider replacing it with a named constant [cppcoreguidelines-avoid-magic-numbers,readability-magic-numbers]
../arch/x86/smp/smp.cpp:85:84: warning: 0x40000000 is a magic number; consider replacing it with a named constant [cppcoreguidelines-avoid-magic-numbers,readability-magic-numbers]
../arch/x86/smp/smp.cpp:94:54: warning: 0x2000000 is a magic number; consider replacing it with a named constant [cppcoreguidelines-avoid-magic-numbers,readability-magic-numbers]
../arch/x86/smp/smp.cpp:102:54: warning: 0x40000000 is a magic number; consider replacing it with a named constant [cppcoreguidelines-avoid-magic-numbers,readability-magic-numbers]
../arch/x86/smp/smp.cpp:110:35: warning: do not implicitly decay an array into a pointer; consider using gsl::array_view or an explicit cast instead [cppcoreguidelines-pro-bounds-array-to-pointer-decay]
../arch/x86/smp/smp.cpp:118:13: warning: variable 'cr3' of type 'std::uintptr_t' (aka 'unsigned long') can be declared 'const' [misc-const-correctness]
../arch/x86/smp/smp.cpp:118:58: warning: 0xfff is a magic number; consider replacing it with a named constant [cppcoreguidelines-avoid-magic-numbers,readability-magic-numbers]
../arch/x86/smp/smp.cpp:119:13: warning: variable 'core_id' of type 'std::uintptr_t' (aka 'unsigned long') can be declared 'const' [misc-const-correctness]
../arch/x86/smp/smp.cpp:119:61: warning: 0xfff is a magic number; consider replacing it with a named constant [cppcoreguidelines-avoid-magic-numbers,readability-magic-numbers]
../arch/x86/smp/smp.cpp:129:65: warning: 11 is a magic number; consider replacing it with a named constant [cppcoreguidelines-avoid-magic-numbers,readability-magic-numbers]
../arch/x86/smp/smp.cpp:135:13: warning: assigning newly created 'gsl::owner<>' to non-owner 'proc::context *' [cppcoreguidelines-owning-memory]
../arch/x86/smp/smp.cpp:136:13: warning: assigning newly created 'gsl::owner<>' to non-owner 'std::uintptr_t *' (aka 'unsigned long *') [cppcoreguidelines-owning-memory]
../arch/x86/smp/smp.cpp:136:60: warning: 256 is a magic number; consider replacing it with a named constant [cppcoreguidelines-avoid-magic-numbers,readability-magic-numbers]
../arch/x86/smp/smp.cpp:137:13: warning: assigning newly created 'gsl::owner<>' to non-owner 'idt::idt_entry *' [cppcoreguidelines-owning-memory]
../arch/x86/smp/smp.cpp:137:52: warning: 256 is a magic number; consider replacing it with a named constant [cppcoreguidelines-avoid-magic-numbers,readability-magic-numbers]
../arch/x86/smp/smp.cpp:156:41: warning: 32 is a magic number; consider replacing it with a named constant [cppcoreguidelines-avoid-magic-numbers,readability-magic-numbers]
../arch/x86/smp/smp.cpp:158:57: warning: do not use array subscript when the index is not an integer constant expression [cppcoreguidelines-pro-bounds-constant-array-index]
../arch/x86/smp/smp.cpp:164:52: warning: 2 adjacent parameters of '__invoke' of similar type ('std::uint64_t') are easily swapped by mistake [bugprone-easily-swappable-parameters]
../arch/x86/smp/smp.cpp:164:66: warning: parameter 'idt' is unused [misc-unused-parameters]
../arch/x86/smp/smp.cpp:164:85: warning: parameter 'err' is unused [misc-unused-parameters]
../arch/x86/smp/smp.cpp:169:31: warning: 0x80 is a magic number; consider replacing it with a named constant [cppcoreguidelines-avoid-magic-numbers,readability-magic-numbers]
../arch/x86/smp/smp.cpp:183:52: warning: 50 is a magic number; consider replacing it with a named constant [cppcoreguidelines-avoid-magic-numbers,readability-magic-numbers]
../arch/x86/smp/smp.cpp:216:48: warning: do not use C-style cast to convert between unrelated types [cppcoreguidelines-pro-type-cstyle-cast]
../arch/x86/smp/smp.cpp:226:17: warning: do not use C-style cast to convert between unrelated types [cppcoreguidelines-pro-type-cstyle-cast]
../arch/x86/smp/smp.cpp:226:74: warning: do not use C-style cast to convert between unrelated types [cppcoreguidelines-pro-type-cstyle-cast]
../arch/x86/smp/smp.cpp:229:41: warning: do not use C-style cast to convert between unrelated types [cppcoreguidelines-pro-type-cstyle-cast]
../arch/x86/smp/smp.cpp:229:86: warning: do not use C-style cast to convert between unrelated types [cppcoreguidelines-pro-type-cstyle-cast]
../arch/x86/pci/pci_scan.cpp:10:14: warning: function 'check_function' is within a recursive call chain [misc-no-recursion]
../arch/x86/pci/pci_scan.cpp:12:46: warning: 0x6 is a magic number; consider replacing it with a named constant [cppcoreguidelines-avoid-magic-numbers,readability-magic-numbers]
../arch/x86/pci/pci_scan.cpp:14:17: warning: variable 'secondary_bus' of type 'std::uint8_t' (aka 'unsigned char') can be declared 'const' [misc-const-correctness]
../arch/x86/pci/pci_scan.cpp:14:72: warning: 0x18 is a magic number; consider replacing it with a named constant [cppcoreguidelines-avoid-magic-numbers,readability-magic-numbers]
../arch/x86/pci/pci_scan.cpp:14:81: warning: 8 is a magic number; consider replacing it with a named constant [cppcoreguidelines-avoid-magic-numbers,readability-magic-numbers]
../arch/x86/pci/pci_scan.cpp:32:14: warning: function 'check_device' is within a recursive call chain [misc-no-recursion]
../arch/x86/pci/pci_scan.cpp:34:37: warning: 0xFFFF is a magic number; consider replacing it with a named constant [cppcoreguidelines-avoid-magic-numbers,readability-magic-numbers]
../arch/x86/pci/pci_scan.cpp:39:38: warning: 0x80 is a magic number; consider replacing it with a named constant [cppcoreguidelines-avoid-magic-numbers,readability-magic-numbers]
../arch/x86/pci/pci_scan.cpp:41:60: warning: 8 is a magic number; consider replacing it with a named constant [cppcoreguidelines-avoid-magic-numbers,readability-magic-numbers]
../arch/x86/pci/pci_scan.cpp:43:52: warning: 0xFFFF is a magic number; consider replacing it with a named constant [cppcoreguidelines-avoid-magic-numbers,readability-magic-numbers]
../arch/x86/pci/pci_scan.cpp:51:14: warning: function 'check_bus' is within a recursive call chain [misc-no-recursion]
../arch/x86/pci/pci_scan.cpp:53:52: warning: 32 is a magic number; consider replacing it with a named constant [cppcoreguidelines-avoid-magic-numbers,readability-magic-numbers]
../arch/x86/pci/pci_scan.cpp:62:9: warning: variable 'root' of type 'pci_device_ident' can be declared 'const' [misc-const-correctness]
../arch/x86/pci/pci_scan.cpp:63:36: warning: 0x80 is a magic number; consider replacing it with a named constant [cppcoreguidelines-avoid-magic-numbers,readability-magic-numbers]
../arch/x86/pci/pci_scan.cpp:69:56: warning: 8 is a magic number; consider replacing it with a named constant [cppcoreguidelines-avoid-magic-numbers,readability-magic-numbers]
../arch/x86/pci/pci_scan.cpp:71:49: warning: 0xFFFF is a magic number; consider replacing it with a named constant [cppcoreguidelines-avoid-magic-numbers,readability-magic-numbers]
../arch/x86/san/ubsan.cpp:72:45: warning: 64 is a magic number; consider replacing it with a named constant [cppcoreguidelines-avoid-magic-numbers,readability-magic-numbers]
../arch/x86/san/ubsan.cpp:86:45: warning: 64 is a magic number; consider replacing it with a named constant [cppcoreguidelines-avoid-magic-numbers,readability-magic-numbers]
../arch/x86/san/ubsan.cpp:138:9: warning: variable 'lhs_typed' of type 'ubsan_typed_value' can be declared 'const' [misc-const-correctness]
../arch/x86/san/ubsan.cpp:139:9: warning: variable 'rhs_typed' of type 'ubsan_typed_value' can be declared 'const' [misc-const-correctness]
../arch/x86/san/ubsan.cpp:179:9: warning: variable 'lhs_typed' of type 'ubsan_typed_value' can be declared 'const' [misc-const-correctness]
../arch/x86/san/ubsan.cpp:180:9: warning: variable 'rhs_typed' of type 'ubsan_typed_value' can be declared 'const' [misc-const-correctness]
../arch/x86/san/ubsan.cpp:201:9: warning: variable 'val_typed' of type 'ubsan_typed_value' can be declared 'const' [misc-const-correctness]
../arch/x86/san/ubsan.cpp:272:9: warning: variable 'lhs_value' of type 'ubsan_typed_value' can be declared 'const' [misc-const-correctness]
../arch/x86/san/ubsan.cpp:273:9: warning: variable 'rhs_value' of type 'ubsan_typed_value' can be declared 'const' [misc-const-correctness]
../arch/x86/san/ubsan.cpp:340:9: warning: variable 'index' of type 'ubsan_typed_value' can be declared 'const' [misc-const-correctness]
../arch/x86/san/ubsan.cpp:369:9: warning: variable 'alignment' of type 'std::uintptr_t' (aka 'unsigned long') can be declared 'const' [misc-const-correctness]
../arch/x86/san/ubsan.cpp:413:9: warning: variable 'value' of type 'ubsan_typed_value' can be declared 'const' [misc-const-correctness]
../arch/x86/san/ubsan.cpp:516:104: warning: 2 adjacent parameters of '__ubsan_handle_alignment_assumption' of similar type ('value') are easily swapped by mistake [bugprone-easily-swappable-parameters]
../arch/x86/san/ubsan.cpp:520:9: warning: variable 'real_ptr' of type 'std::uintptr_t' (aka 'unsigned long') can be declared 'const' [misc-const-correctness]
../arch/x86/san/ubsan.cpp:521:9: warning: variable 'real_align' of type 'std::uintptr_t' (aka 'unsigned long') can be declared 'const' [misc-const-correctness]
../arch/x86/san/ubsan.cpp:523:9: warning: variable 'align_mask' of type 'std::uintptr_t' (aka 'unsigned long') can be declared 'const' [misc-const-correctness]
../arch/x86/san/ubsan.cpp:524:9: warning: variable 'misalign_off' of type 'std::uintptr_t' (aka 'unsigned long') can be declared 'const' [misc-const-correctness]
